*** Starting uWSGI 2.0.15 (64bit) on [Fri May 18 00:15:06 2018] ***
compiled with version: 4.8.4 on 15 May 2018 10:04:42
os: Linux-4.4.0-121-generic #145~14.04.1-Ubuntu SMP Mon Apr 16 18:40:43 UTC 2018
nodename: liyun-MS-7721
machine: x86_64
clock source: unix
detected number of CPU cores: 4
current working directory: /home/liyun/python/project_study/Flask_day03
writing pidfile to uwsgi.pid
detected binary path: /home/liyun/.virtualenvs/Flask_py/bin/uwsgi
!!! no internal routing support, rebuild with pcre support !!!
chdir() to /home/liyun/python/project_study/Flask_day03
your processes number limit is 59981
your memory page size is 4096 bytes
detected max file descriptor number: 1024
lock engine: pthread robust mutexes
thunder lock: disabled (you can enable it with --thunder-lock)
uWSGI http bound on :5000 fd 4
uwsgi socket 0 bound to TCP address 127.0.0.1:41654 (port auto-assigned) fd 3
Python version: 2.7.6 (default, Nov 23 2017, 15:53:45)  [GCC 4.8.4]
Python main interpreter initialized at 0xb9a640
python threads support enabled
your server socket listen backlog is limited to 100 connections
your mercy for graceful operations on workers is 60 seconds
mapped 702080 bytes (685 KB) for 8 cores
*** Operational MODE: preforking+threaded ***
added /home/liyun/.virtualenvs/Flask_py/bin/python to pythonpath.
111100---
11110---
111101---
111102---
WSGI app 0 (mountpoint='') ready in 0 seconds on interpreter 0xb9a640 pid: 5649 (default app)
*** uWSGI is running in multiple interpreter mode ***
spawned uWSGI master process (pid: 5649)
spawned uWSGI worker 1 (pid: 5652, cores: 2)
spawned uWSGI worker 2 (pid: 5653, cores: 2)
spawned uWSGI worker 3 (pid: 5654, cores: 2)
spawned uWSGI worker 4 (pid: 5655, cores: 2)
spawned uWSGI http 1 (pid: 5657)
[pid: 5655|app: 0|req: 1/1] 127.0.0.1 () {40 vars in 802 bytes} [Fri May 18 00:17:55 2018] GET / => generated 5 bytes in 2 msecs (HTTP/1.1 200) 2 headers in 78 bytes (1 switches on core 0)
[pid: 5655|app: 0|req: 2/2] 127.0.0.1 () {40 vars in 802 bytes} [Fri May 18 00:17:56 2018] GET / => generated 5 bytes in 0 msecs (HTTP/1.1 200) 2 headers in 78 bytes (1 switches on core 1)
[pid: 5655|app: 0|req: 3/3] 127.0.0.1 () {40 vars in 802 bytes} [Fri May 18 00:17:56 2018] GET / => generated 5 bytes in 0 msecs (HTTP/1.1 200) 2 headers in 78 bytes (1 switches on core 0)
[pid: 5653|app: 0|req: 1/4] 127.0.0.1 () {40 vars in 802 bytes} [Fri May 18 00:17:56 2018] GET / => generated 5 bytes in 2 msecs (HTTP/1.1 200) 2 headers in 78 bytes (1 switches on core 0)
[pid: 5653|app: 0|req: 2/5] 127.0.0.1 () {40 vars in 802 bytes} [Fri May 18 00:17:57 2018] GET / => generated 5 bytes in 0 msecs (HTTP/1.1 200) 2 headers in 78 bytes (1 switches on core 1)
[pid: 5654|app: 0|req: 1/6] 127.0.0.1 () {40 vars in 802 bytes} [Fri May 18 00:17:57 2018] GET / => generated 5 bytes in 3 msecs (HTTP/1.1 200) 2 headers in 78 bytes (1 switches on core 0)
[pid: 5654|app: 0|req: 2/7] 127.0.0.1 () {40 vars in 802 bytes} [Fri May 18 00:17:59 2018] GET / => generated 5 bytes in 0 msecs (HTTP/1.1 200) 2 headers in 78 bytes (1 switches on core 1)
*** Starting uWSGI 2.0.15 (64bit) on [Fri May 18 00:18:34 2018] ***
compiled with version: 4.8.4 on 15 May 2018 10:04:42
os: Linux-4.4.0-121-generic #145~14.04.1-Ubuntu SMP Mon Apr 16 18:40:43 UTC 2018
nodename: liyun-MS-7721
machine: x86_64
clock source: unix
detected number of CPU cores: 4
current working directory: /home/liyun/python/project_study/Flask_day03
writing pidfile to uwsgi.pid
detected binary path: /home/liyun/.virtualenvs/Flask_py/bin/uwsgi
!!! no internal routing support, rebuild with pcre support !!!
chdir() to /home/liyun/python/project_study/Flask_day03
your processes number limit is 59981
your memory page size is 4096 bytes
detected max file descriptor number: 1024
lock engine: pthread robust mutexes
thunder lock: disabled (you can enable it with --thunder-lock)
probably another instance of uWSGI is running on the same address (:5000).
bind(): Address already in use [core/socket.c line 769]
SIGINT/SIGQUIT received...killing workers...
gateway "uWSGI http 1" has been buried (pid: 5657)
worker 1 buried after 1 seconds
worker 2 buried after 1 seconds
worker 3 buried after 1 seconds
worker 4 buried after 1 seconds
goodbye to uWSGI.
*** Starting uWSGI 2.0.15 (64bit) on [Fri May 18 00:25:57 2018] ***
compiled with version: 4.8.4 on 15 May 2018 10:04:42
os: Linux-4.4.0-121-generic #145~14.04.1-Ubuntu SMP Mon Apr 16 18:40:43 UTC 2018
nodename: liyun-MS-7721
machine: x86_64
clock source: unix
detected number of CPU cores: 4
current working directory: /home/liyun/python/project_study/Flask_day03
writing pidfile to uwsgi.pid
detected binary path: /home/liyun/.virtualenvs/Flask_py/bin/uwsgi
!!! no internal routing support, rebuild with pcre support !!!
chdir() to /home/liyun/python/project_study/Flask_day03
your processes number limit is 59981
your memory page size is 4096 bytes
detected max file descriptor number: 1024
lock engine: pthread robust mutexes
thunder lock: disabled (you can enable it with --thunder-lock)
uWSGI http bound on :5050 fd 4
uwsgi socket 0 bound to TCP address 127.0.0.1:35530 (port auto-assigned) fd 3
Python version: 2.7.6 (default, Nov 23 2017, 15:53:45)  [GCC 4.8.4]
Python main interpreter initialized at 0x105d640
python threads support enabled
your server socket listen backlog is limited to 100 connections
your mercy for graceful operations on workers is 60 seconds
mapped 702080 bytes (685 KB) for 8 cores
*** Operational MODE: preforking+threaded ***
added /home/liyun/.virtualenvs/Flask_py/bin/python to pythonpath.
111100---
11110---
111101---
111102---
WSGI app 0 (mountpoint='') ready in 0 seconds on interpreter 0x105d640 pid: 5708 (default app)
*** uWSGI is running in multiple interpreter mode ***
spawned uWSGI master process (pid: 5708)
spawned uWSGI worker 1 (pid: 5711, cores: 2)
spawned uWSGI worker 2 (pid: 5712, cores: 2)
spawned uWSGI worker 3 (pid: 5713, cores: 2)
spawned uWSGI worker 4 (pid: 5714, cores: 2)
spawned uWSGI http 1 (pid: 5718)
[pid: 5711|app: 0|req: 1/1] 127.0.0.1 () {38 vars in 771 bytes} [Fri May 18 00:26:12 2018] GET / => generated 5 bytes in 1 msecs (HTTP/1.1 200) 2 headers in 78 bytes (1 switches on core 0)
[pid: 5714|app: 0|req: 1/2] 127.0.0.1 () {38 vars in 750 bytes} [Fri May 18 00:26:12 2018] GET /favicon.ico => generated 233 bytes in 17 msecs (HTTP/1.1 404) 2 headers in 72 bytes (1 switches on core 0)
SIGINT/SIGQUIT received...killing workers...
gateway "uWSGI http 1" has been buried (pid: 5718)
worker 1 buried after 1 seconds
worker 2 buried after 1 seconds
worker 3 buried after 1 seconds
worker 4 buried after 1 seconds
goodbye to uWSGI.
*** Starting uWSGI 2.0.15 (64bit) on [Fri May 18 00:28:33 2018] ***
compiled with version: 4.8.4 on 15 May 2018 10:04:42
os: Linux-4.4.0-121-generic #145~14.04.1-Ubuntu SMP Mon Apr 16 18:40:43 UTC 2018
nodename: liyun-MS-7721
machine: x86_64
clock source: unix
detected number of CPU cores: 4
current working directory: /home/liyun/python/project_study/Flask_day03
writing pidfile to uwsgi.pid
detected binary path: /home/liyun/.virtualenvs/Flask_py/bin/uwsgi
!!! no internal routing support, rebuild with pcre support !!!
chdir() to /home/liyun/python/project_study/Flask_day03
your processes number limit is 59981
your memory page size is 4096 bytes
detected max file descriptor number: 1024
lock engine: pthread robust mutexes
thunder lock: disabled (you can enable it with --thunder-lock)
uwsgi socket 0 bound to TCP address :5050 fd 3
Python version: 2.7.6 (default, Nov 23 2017, 15:53:45)  [GCC 4.8.4]
Python main interpreter initialized at 0x165a550
python threads support enabled
your server socket listen backlog is limited to 100 connections
your mercy for graceful operations on workers is 60 seconds
mapped 702080 bytes (685 KB) for 8 cores
*** Operational MODE: preforking+threaded ***
added /home/liyun/.virtualenvs/Flask_py/bin/python to pythonpath.
111100---
11110---
111101---
111102---
WSGI app 0 (mountpoint='') ready in 0 seconds on interpreter 0x165a550 pid: 5734 (default app)
*** uWSGI is running in multiple interpreter mode ***
spawned uWSGI master process (pid: 5734)
spawned uWSGI worker 1 (pid: 5737, cores: 2)
spawned uWSGI worker 2 (pid: 5738, cores: 2)
spawned uWSGI worker 3 (pid: 5739, cores: 2)
spawned uWSGI worker 4 (pid: 5740, cores: 2)
[pid: 5737|app: 0|req: 1/1] 127.0.0.1 () {42 vars in 824 bytes} [Fri May 18 00:53:37 2018] GET / => generated 5 bytes in 1 msecs (HTTP/1.1 200) 2 headers in 78 bytes (1 switches on core 0)
[pid: 5737|app: 0|req: 2/2] 127.0.0.1 () {42 vars in 803 bytes} [Fri May 18 00:53:37 2018] GET /favicon.ico => generated 233 bytes in 12 msecs (HTTP/1.1 404) 2 headers in 72 bytes (1 switches on core 1)
[pid: 5740|app: 0|req: 1/3] 127.0.0.1 () {44 vars in 855 bytes} [Fri May 18 00:57:30 2018] GET / => generated 5 bytes in 3 msecs (HTTP/1.1 200) 2 headers in 78 bytes (1 switches on core 0)
[pid: 5740|app: 0|req: 2/4] 127.0.0.1 () {44 vars in 855 bytes} [Fri May 18 00:57:36 2018] GET / => generated 5 bytes in 0 msecs (HTTP/1.1 200) 2 headers in 78 bytes (1 switches on core 1)
[pid: 5740|app: 0|req: 3/5] 127.0.0.1 () {44 vars in 855 bytes} [Fri May 18 00:58:52 2018] GET / => generated 5 bytes in 0 msecs (HTTP/1.1 200) 2 headers in 78 bytes (1 switches on core 0)
[pid: 5740|app: 0|req: 4/6] 127.0.0.1 () {44 vars in 855 bytes} [Fri May 18 00:59:34 2018] GET / => generated 5 bytes in 0 msecs (HTTP/1.1 200) 2 headers in 78 bytes (1 switches on core 1)
[pid: 5739|app: 0|req: 1/7] 127.0.0.1 () {44 vars in 855 bytes} [Fri May 18 01:00:48 2018] GET / => generated 5 bytes in 2 msecs (HTTP/1.1 200) 2 headers in 78 bytes (1 switches on core 1)
[pid: 5738|app: 0|req: 1/8] 127.0.0.1 () {44 vars in 855 bytes} [Fri May 18 01:00:53 2018] GET / => generated 5 bytes in 2 msecs (HTTP/1.1 200) 2 headers in 78 bytes (1 switches on core 0)
uwsgi_proto_uwsgi_parser(): Resource temporarily unavailable [proto/uwsgi.c line 40]
[pid: 5739|app: 0|req: 2/9] 127.0.0.1 () {42 vars in 824 bytes} [Fri May 18 01:01:33 2018] GET / => generated 5 bytes in 1 msecs (HTTP/1.1 200) 2 headers in 78 bytes (1 switches on core 1)
[pid: 5738|app: 0|req: 2/10] 127.0.0.1 () {44 vars in 855 bytes} [Fri May 18 01:02:11 2018] GET / => generated 5 bytes in 1 msecs (HTTP/1.1 200) 2 headers in 78 bytes (1 switches on core 1)
[pid: 5740|app: 0|req: 5/11] 127.0.0.1 () {44 vars in 855 bytes} [Fri May 18 01:02:11 2018] GET / => generated 5 bytes in 0 msecs (HTTP/1.1 200) 2 headers in 78 bytes (1 switches on core 0)
SIGINT/SIGQUIT received...killing workers...
worker 1 buried after 1 seconds
worker 2 buried after 1 seconds
worker 3 buried after 1 seconds
worker 4 buried after 1 seconds
goodbye to uWSGI.
*** Starting uWSGI 2.0.15 (64bit) on [Fri May 18 01:03:17 2018] ***
compiled with version: 4.8.4 on 15 May 2018 10:04:42
os: Linux-4.4.0-121-generic #145~14.04.1-Ubuntu SMP Mon Apr 16 18:40:43 UTC 2018
nodename: liyun-MS-7721
machine: x86_64
clock source: unix
detected number of CPU cores: 4
current working directory: /home/liyun/python/project_study/Flask_day03
writing pidfile to uwsgi.pid
detected binary path: /home/liyun/.virtualenvs/Flask_py/bin/uwsgi
!!! no internal routing support, rebuild with pcre support !!!
chdir() to /home/liyun/python/project_study/Flask_day03
your processes number limit is 59981
your memory page size is 4096 bytes
detected max file descriptor number: 1024
lock engine: pthread robust mutexes
thunder lock: disabled (you can enable it with --thunder-lock)
uwsgi socket 0 bound to TCP address :5050 fd 3
Python version: 2.7.6 (default, Nov 23 2017, 15:53:45)  [GCC 4.8.4]
Python main interpreter initialized at 0xa94550
python threads support enabled
your server socket listen backlog is limited to 100 connections
your mercy for graceful operations on workers is 60 seconds
mapped 702080 bytes (685 KB) for 8 cores
*** Operational MODE: preforking+threaded ***
added /home/liyun/.virtualenvs/Flask_py/bin/python to pythonpath.
failed to open python file test2_sol.py
unable to load app 0 (mountpoint='') (callable not found or import error)
*** no app loaded. going in full dynamic mode ***
*** uWSGI is running in multiple interpreter mode ***
spawned uWSGI master process (pid: 6306)
spawned uWSGI worker 1 (pid: 6307, cores: 2)
spawned uWSGI worker 2 (pid: 6308, cores: 2)
spawned uWSGI worker 3 (pid: 6309, cores: 2)
spawned uWSGI worker 4 (pid: 6310, cores: 2)
--- no python application found, check your startup logs for errors ---
[pid: 6310|app: -1|req: -1/1] 127.0.0.1 () {44 vars in 855 bytes} [Fri May 18 01:03:35 2018] GET / => generated 21 bytes in 0 msecs (HTTP/1.1 500) 2 headers in 83 bytes (0 switches on core 0)
--- no python application found, check your startup logs for errors ---
[pid: 6309|app: -1|req: -1/2] 127.0.0.1 () {44 vars in 855 bytes} [Fri May 18 01:03:55 2018] GET / => generated 21 bytes in 0 msecs (HTTP/1.1 500) 2 headers in 83 bytes (0 switches on core 0)
--- no python application found, check your startup logs for errors ---
[pid: 6310|app: -1|req: -1/3] 127.0.0.1 () {42 vars in 888 bytes} [Fri May 18 01:05:17 2018] GET /ddd/dffgs/sdfgewr/sertyer5y/sdfg => generated 21 bytes in 0 msecs (HTTP/1.1 500) 2 headers in 83 bytes (0 switches on core 1)
...brutally killing workers...
worker 1 buried after 0 seconds
worker 4 buried after 0 seconds
worker 2 buried after 0 seconds
worker 3 buried after 0 seconds
binary reloading uWSGI...
chdir() to /home/liyun/python/project_study/Flask_day03
closing all non-uwsgi socket fds > 2 (max_fd = 1024)...
found fd 3 mapped to socket 0 (:5050)
running /home/liyun/.virtualenvs/Flask_py/bin/uwsgi
[uWSGI] getting INI configuration from config.ini
*** Starting uWSGI 2.0.15 (64bit) on [Fri May 18 01:12:51 2018] ***
compiled with version: 4.8.4 on 15 May 2018 10:04:42
os: Linux-4.4.0-121-generic #145~14.04.1-Ubuntu SMP Mon Apr 16 18:40:43 UTC 2018
nodename: liyun-MS-7721
machine: x86_64
clock source: unix
detected number of CPU cores: 4
current working directory: /home/liyun/python/project_study/Flask_day03
detected binary path: /home/liyun/.virtualenvs/Flask_py/bin/uwsgi
!!! no internal routing support, rebuild with pcre support !!!
chdir() to /home/liyun/python/project_study/Flask_day03
your processes number limit is 59981
your memory page size is 4096 bytes
detected max file descriptor number: 1024
lock engine: pthread robust mutexes
thunder lock: disabled (you can enable it with --thunder-lock)
uwsgi socket 0 inherited INET address :5050 fd 3
Python version: 2.7.6 (default, Nov 23 2017, 15:53:45)  [GCC 4.8.4]
Python main interpreter initialized at 0x24c42e0
python threads support enabled
your server socket listen backlog is limited to 100 connections
your mercy for graceful operations on workers is 60 seconds
mapped 702080 bytes (685 KB) for 8 cores
*** Operational MODE: preforking+threaded ***
added /home/liyun/.virtualenvs/Flask_py/bin/python to pythonpath.
failed to open python file test2_sol.py
unable to load app 0 (mountpoint='') (callable not found or import error)
*** no app loaded. going in full dynamic mode ***
*** uWSGI is running in multiple interpreter mode ***
gracefully (RE)spawned uWSGI master process (pid: 6306)
spawned uWSGI worker 1 (pid: 6651, cores: 2)
spawned uWSGI worker 2 (pid: 6652, cores: 2)
spawned uWSGI worker 3 (pid: 6653, cores: 2)
spawned uWSGI worker 4 (pid: 6654, cores: 2)
